  strategy.cpp
d:\workspace\testai1\testai1\manipulator\strategy.cpp(88): warning C4018: “<”: 有符号/无符号不匹配
d:\workspace\testai1\testai1\manipulator\strategy.cpp(92): warning C4244: “参数”: 从“double”转换到“float”，可能丢失数据
d:\workspace\testai1\testai1\manipulator\strategy.cpp(93): warning C4244: “参数”: 从“double”转换到“float”，可能丢失数据
d:\workspace\testai1\testai1\manipulator\strategy.cpp(103): warning C4018: “<”: 有符号/无符号不匹配
d:\workspace\testai1\testai1\manipulator\strategy.cpp(143): warning C4244: “参数”: 从“double”转换到“float”，可能丢失数据
d:\workspace\testai1\testai1\manipulator\strategy.cpp(203): warning C4018: “<”: 有符号/无符号不匹配
d:\workspace\testai1\testai1\manipulator\strategy.cpp(212): warning C4018: “<”: 有符号/无符号不匹配
d:\workspace\testai1\testai1\manipulator\strategy.cpp(216): warning C4244: “=”: 从“double”转换到“float”，可能丢失数据
d:\workspace\testai1\testai1\manipulator\strategy.cpp(217): warning C4244: “=”: 从“double”转换到“float”，可能丢失数据
d:\workspace\testai1\testai1\manipulator\strategy.cpp(264): warning C4244: “=”: 从“double”转换到“float”，可能丢失数据
d:\workspace\testai1\testai1\manipulator\strategy.cpp(265): warning C4244: “=”: 从“double”转换到“float”，可能丢失数据
d:\workspace\testai1\testai1\manipulator\strategy.cpp(279): warning C4244: “=”: 从“double”转换到“float”，可能丢失数据
d:\workspace\testai1\testai1\manipulator\strategy.cpp(280): warning C4244: “=”: 从“double”转换到“float”，可能丢失数据
d:\workspace\testai1\testai1\manipulator\strategy.cpp(292): warning C4018: “<”: 有符号/无符号不匹配
d:\workspace\testai1\testai1\manipulator\strategy.cpp(314): warning C4244: “=”: 从“_Ty”转换到“float”，可能丢失数据
          with
          [
              _Ty=double
          ]
d:\workspace\testai1\testai1\manipulator\strategy.cpp(315): warning C4244: “=”: 从“_Ty”转换到“float”，可能丢失数据
          with
          [
              _Ty=double
          ]
d:\workspace\testai1\testai1\manipulator\strategy.cpp(316): warning C4244: “=”: 从“_Ty”转换到“float”，可能丢失数据
          with
          [
              _Ty=double
          ]
d:\workspace\testai1\testai1\manipulator\strategy.cpp(319): warning C4244: “=”: 从“_Ty”转换到“float”，可能丢失数据
          with
          [
              _Ty=double
          ]
d:\workspace\testai1\testai1\manipulator\strategy.cpp(320): warning C4244: “=”: 从“_Ty”转换到“float”，可能丢失数据
          with
          [
              _Ty=double
          ]
d:\workspace\testai1\testai1\manipulator\strategy.cpp(321): warning C4244: “=”: 从“_Ty”转换到“float”，可能丢失数据
          with
          [
              _Ty=double
          ]
d:\workspace\testai1\testai1\manipulator\strategy.cpp(334): warning C4018: “<”: 有符号/无符号不匹配
d:\workspace\testai1\testai1\manipulator\strategy.cpp(366): warning C4244: “参数”: 从“double”转换到“float”，可能丢失数据
d:\workspace\testai1\testai1\manipulator\strategy.cpp(397): warning C4244: “=”: 从“_Ty”转换到“float”，可能丢失数据
          with
          [
              _Ty=double
          ]
d:\workspace\testai1\testai1\manipulator\strategy.cpp(398): warning C4244: “=”: 从“_Ty”转换到“float”，可能丢失数据
          with
          [
              _Ty=double
          ]
d:\workspace\testai1\testai1\manipulator\strategy.cpp(399): warning C4244: “=”: 从“_Ty”转换到“float”，可能丢失数据
          with
          [
              _Ty=double
          ]
d:\workspace\testai1\testai1\manipulator\strategy.cpp(410): warning C4305: “=”: 从“double”到“float”截断
d:\workspace\testai1\testai1\manipulator\strategy.cpp(434): warning C4018: “<”: 有符号/无符号不匹配
d:\workspace\testai1\testai1\manipulator\strategy.cpp(439): warning C4244: “=”: 从“double”转换到“float”，可能丢失数据
d:\workspace\testai1\testai1\manipulator\strategy.cpp(440): warning C4244: “=”: 从“double”转换到“float”，可能丢失数据
d:\workspace\testai1\testai1\manipulator\strategy.cpp(450): warning C4244: “=”: 从“_Ty”转换到“float”，可能丢失数据
          with
          [
              _Ty=double
          ]
d:\workspace\testai1\testai1\manipulator\strategy.cpp(451): warning C4244: “=”: 从“_Ty”转换到“float”，可能丢失数据
          with
          [
              _Ty=double
          ]
d:\workspace\testai1\testai1\manipulator\strategy.cpp(452): warning C4244: “=”: 从“_Ty”转换到“float”，可能丢失数据
          with
          [
              _Ty=double
          ]
d:\workspace\testai1\testai1\manipulator\strategy.cpp(458): warning C4244: “=”: 从“double”转换到“float”，可能丢失数据
d:\workspace\testai1\testai1\manipulator\strategy.cpp(459): warning C4244: “=”: 从“double”转换到“float”，可能丢失数据
  manipulator.vcxproj -> D:\workspace\testAI1\testAI1\Debug\manipulator.exe
